0.00s - Debugger warning: It seems that frozen modules are being used, which may
0.00s - make the debugger miss breakpoints. Please pass -Xfrozen_modules=off
0.00s - to python to disable frozen modules.
0.00s - Note: Debugging will proceed. Set PYDEVD_DISABLE_FILE_VALIDATION=1 to disable this validation.
0.00s - Debugger warning: It seems that frozen modules are being used, which may
0.00s - make the debugger miss breakpoints. Please pass -Xfrozen_modules=off
0.00s - to python to disable frozen modules.
0.00s - Note: Debugging will proceed. Set PYDEVD_DISABLE_FILE_VALIDATION=1 to disable this validation.
0.00s - Debugger warning: It seems that frozen modules are being used, which may
0.00s - make the debugger miss breakpoints. Please pass -Xfrozen_modules=off
0.00s - to python to disable frozen modules.
0.00s - Note: Debugging will proceed. Set PYDEVD_DISABLE_FILE_VALIDATION=1 to disable this validation.
0.00s - Debugger warning: It seems that frozen modules are being used, which may
0.00s - make the debugger miss breakpoints. Please pass -Xfrozen_modules=off
0.00s - to python to disable frozen modules.
0.00s - Note: Debugging will proceed. Set PYDEVD_DISABLE_FILE_VALIDATION=1 to disable this validation.
>> M105
 ok T:26.1 /0.0 B:26.2 /0.0 @:0 B@:0

>> M105
 ok T:26.2 /0.0 B:26.4 /0.0 @:0 B@:0

>> M105
 ok T:26.2 /0.0 B:26.2 /0.0 @:0 B@:0

>> M105
 ok T:26.2 /0.0 B:26.2 /0.0 @:0 B@:0

>> M105
 ok T:26.2 /0.0 B:26.3 /0.0 @:0 B@:0

>> M105
 ok T:26.2 /0.0 B:26.2 /0.0 @:0 B@:0

>> M105
 ok T:26.1 /0.0 B:26.2 /0.0 @:0 B@:0

>> M105
 ok T:26.1 /0.0 B:26.2 /0.0 @:0 B@:0

>> M105
 ok T:26.2 /0.0 B:26.4 /0.0 @:0 B@:0

>> M105
 ok T:26.1 /0.0 B:26.3 /0.0 @:0 B@:0

>> M105
 ok T:26.2 /0.0 B:26.3 /0.0 @:0 B@:0

>> M105
 ok T:26.2 /0.0 B:26.2 /0.0 @:0 B@:0

>> M105
 ok T:26.2 /0.0 B:26.3 /0.0 @:0 B@:0

>> M114
 X:0.00 Y:0.00 Z:0.00
ok

>> M105
 ok T:26.2 /0.0 B:26.1 /0.0 @:0 B@:0

>> M114
 X:0.00 Y:0.00 Z:0.00
ok

>> M105
 ok T:26.2 /0.0 B:26.2 /0.0 @:0 B@:0

>> M114
 X:0.00 Y:0.00 Z:0.00
ok

>> M114
 X:0.00 Y:0.00 Z:0.00
ok

>> M105
 ok T:26.1 /0.0 B:26.2 /0.0 @:0 B@:0

>> M114
 X:0.00 Y:0.00 Z:0.00
ok

>> M105
 ok T:26.1 /0.0 B:26.2 /0.0 @:0 B@:0

>> M114
 X:0.00 Y:0.00 Z:0.00
ok

>> M114
 X:0.00 Y:0.00 Z:0.00
ok

>> M105
 ok T:26.2 /0.0 B:26.3 /0.0 @:0 B@:0

>> M114
 X:0.00 Y:0.00 Z:0.00
ok

>> M105
 ok T:26.1 /0.0 B:26.2 /0.0 @:0 B@:0

>> M114
 X:0.00 Y:0.00 Z:0.00
ok

>> M114
 X:0.00 Y:0.00 Z:0.00
ok

>> M105
 ok T:26.2 /0.0 B:26.2 /0.0 @:0 B@:0

>> M114
 X:0.00 Y:0.00 Z:0.00
ok

>> M114
 X:0.00 Y:0.00 Z:0.00
ok

>> M105
 ok T:26.2 /0.0 B:26.2 /0.0 @:0 B@:0

>> M114
 X:0.00 Y:0.00 Z:0.00
ok

>> M105
 ok T:26.2 /0.0 B:26.2 /0.0 @:0 B@:0

>> M114
 X:0.00 Y:0.00 Z:0.00
ok

>> M114
 X:0.00 Y:0.00 Z:0.00
ok

>> M105
 ok T:26.2 /0.0 B:26.2 /0.0 @:0 B@:0

>> M114
 X:0.00 Y:0.00 Z:0.00
ok

>> M105
 ok T:26.1 /0.0 B:26.2 /0.0 @:0 B@:0

>> M114
 X:0.00 Y:0.00 Z:0.00
ok

>> M114
 X:0.00 Y:0.00 Z:0.00
ok

>> M105
 ok T:26.2 /0.0 B:26.2 /0.0 @:0 B@:0

>> M114
 X:0.00 Y:0.00 Z:0.00
ok

>> M105
 ok T:26.3 /0.0 B:26.2 /0.0 @:0 B@:0

>> M114
 X:0.00 Y:0.00 Z:0.00
ok

>> M105
 ok T:26.2 /0.0 B:26.1 /0.0 @:0 B@:0

>> M114
 X:0.00 Y:0.00 Z:0.00
ok

>> M114
 X:0.00 Y:0.00 Z:0.00
ok

>> M105
 ok T:26.2 /0.0 B:26.1 /0.0 @:0 B@:0

>> M114
 X:0.00 Y:0.00 Z:0.00
ok

>> M105
 ok T:26.2 /0.0 B:26.3 /0.0 @:0 B@:0

>> M114
 X:0.00 Y:0.00 Z:0.00
ok

>> M114
 X:0.00 Y:0.00 Z:0.00
ok

>> M105
 ok T:26.1 /0.0 B:26.3 /0.0 @:0 B@:0

>> M114
 X:0.00 Y:0.00 Z:0.00
ok

>> M105
 ok T:26.2 /0.0 B:26.3 /0.0 @:0 B@:0

>> M114
 X:0.00 Y:0.00 Z:0.00
ok

>> M114
 X:0.00 Y:0.00 Z:0.00
ok

>> M105
 ok T:26.3 /0.0 B:26.1 /0.0 @:0 B@:0

>> M114
 X:0.00 Y:0.00 Z:0.00
ok

>> M114
 X:0.00 Y:0.00 Z:0.00
ok

>> M105
 ok T:26.2 /0.0 B:26.2 /0.0 @:0 B@:0

>> M114
 X:0.00 Y:0.00 Z:0.00
ok

>> M105
 ok T:26.2 /0.0 B:26.2 /0.0 @:0 B@:0

>> M114
 X:0.00 Y:0.00 Z:0.00
ok

>> M114
 X:0.00 Y:0.00 Z:0.00
ok

>> M105
 ok T:26.2 /0.0 B:26.2 /0.0 @:0 B@:0

>> M114
 X:0.00 Y:0.00 Z:0.00
ok

>> M105
 ok T:26.2 /0.0 B:26.2 /0.0 @:0 B@:0

>> M114
 X:0.00 Y:0.00 Z:0.00
ok

>> M114
 X:0.00 Y:0.00 Z:0.00
ok

>> M105
 ok T:26.2 /0.0 B:26.4 /0.0 @:0 B@:0

>> M114
 X:0.00 Y:0.00 Z:0.00
ok

>> M105
 ok T:26.1 /0.0 B:26.1 /0.0 @:0 B@:0

>> M114
 X:0.00 Y:0.00 Z:0.00
ok

>> M114
 X:0.00 Y:0.00 Z:0.00
ok

>> M105
 ok T:26.2 /0.0 B:26.4 /0.0 @:0 B@:0

>> M114
 X:0.00 Y:0.00 Z:0.00
ok

>> M114
 X:0.00 Y:0.00 Z:0.00
ok

>> M105
 ok T:26.3 /0.0 B:26.3 /0.0 @:0 B@:0

>> M114
 X:0.00 Y:0.00 Z:0.00
ok

>> M105
 ok T:26.2 /0.0 B:26.3 /0.0 @:0 B@:0

>> M114
 X:0.00 Y:0.00 Z:0.00
ok

>> M114
 X:0.00 Y:0.00 Z:0.00
ok

>> M105
 ok T:26.1 /0.0 B:26.0 /0.0 @:0 B@:0

>> M114
 X:0.00 Y:0.00 Z:0.00
ok

>> M105
 ok T:26.1 /0.0 B:26.2 /0.0 @:0 B@:0

>> M114
 X:0.00 Y:0.00 Z:0.00
ok

>> M114
 X:0.00 Y:0.00 Z:0.00
ok

>> M105
 ok T:26.1 /0.0 B:26.3 /0.0 @:0 B@:0

>> M114
 X:0.00 Y:0.00 Z:0.00
ok

>> M105
 ok T:26.2 /0.0 B:26.3 /0.0 @:0 B@:0

>> M114
 X:0.00 Y:0.00 Z:0.00
ok

>> M114
 X:0.00 Y:0.00 Z:0.00
ok

>> M105
 ok T:26.2 /0.0 B:26.2 /0.0 @:0 B@:0

>> M114
 X:0.00 Y:0.00 Z:0.00
ok

>> M114
 X:0.00 Y:0.00 Z:0.00
ok

>> M105
 ok T:26.2 /0.0 B:26.2 /0.0 @:0 B@:0

>> M114
 X:0.00 Y:0.00 Z:0.00
ok

>> M105
 ok T:26.2 /0.0 B:26.2 /0.0 @:0 B@:0

>> M114
 X:0.00 Y:0.00 Z:0.00
ok

>> M114
 X:0.00 Y:0.00 Z:0.00
ok

>> M105
 ok T:26.1 /0.0 B:26.2 /0.0 @:0 B@:0

>> M114
 X:0.00 Y:0.00 Z:0.00
ok

>> M105
 ok T:26.2 /0.0 B:26.2 /0.0 @:0 B@:0

>> M114
 X:0.00 Y:0.00 Z:0.00
ok

>> M114
 X:0.00 Y:0.00 Z:0.00
ok

>> M105
 ok T:26.2 /0.0 B:26.2 /0.0 @:0 B@:0

>> M114
 X:0.00 Y:0.00 Z:0.00
ok

>> M105
 ok T:26.2 /0.0 B:26.2 /0.0 @:0 B@:0

>> M114
 X:0.00 Y:0.00 Z:0.00
ok

>> M114
 X:0.00 Y:0.00 Z:0.00
ok

>> M105
 ok T:26.2 /0.0 B:26.2 /0.0 @:0 B@:0

>> M114
 X:0.00 Y:0.00 Z:0.00
ok

>> M114
 X:0.00 Y:0.00 Z:0.00
ok

>> M105
 ok T:26.1 /0.0 B:26.2 /0.0 @:0 B@:0

>> M114
 X:0.00 Y:0.00 Z:0.00
ok

>> M105
 ok T:26.2 /0.0 B:26.1 /0.0 @:0 B@:0

>> M114
 X:0.00 Y:0.00 Z:0.00
ok

>> M114
 X:0.00 Y:0.00 Z:0.00
ok

>> M105
 ok T:26.2 /0.0 B:26.2 /0.0 @:0 B@:0

>> M114
 X:0.00 Y:0.00 Z:0.00
ok

>> M105
 ok T:26.1 /0.0 B:26.2 /0.0 @:0 B@:0

>> M114
 X:0.00 Y:0.00 Z:0.00
ok

>> M114
 X:0.00 Y:0.00 Z:0.00
ok

>> M105
 ok T:26.2 /0.0 B:26.2 /0.0 @:0 B@:0

>> M114
 X:0.00 Y:0.00 Z:0.00
ok

>> M114
 X:0.00 Y:0.00 Z:0.00
ok

>> M105
 ok T:26.2 /0.0 B:26.3 /0.0 @:0 B@:0

>> M114
 X:0.00 Y:0.00 Z:0.00
ok

>> M105
 ok T:26.1 /0.0 B:26.2 /0.0 @:0 B@:0

>> M114
 X:0.00 Y:0.00 Z:0.00
ok

>> M114
 X:0.00 Y:0.00 Z:0.00
ok

>> M105
 ok T:26.2 /0.0 B:26.2 /0.0 @:0 B@:0

>> M114
 X:0.00 Y:0.00 Z:0.00
ok

>> M105
 ok T:26.1 /0.0 B:26.2 /0.0 @:0 B@:0

>> M114
 X:0.00 Y:0.00 Z:0.00
ok

>> M114
 X:0.00 Y:0.00 Z:0.00
ok

>> M105
 ok T:26.3 /0.0 B:26.2 /0.0 @:0 B@:0

>> M114
 X:0.00 Y:0.00 Z:0.00
ok

>> M105
 ok T:26.2 /0.0 B:26.2 /0.0 @:0 B@:0

>> M114
 X:0.00 Y:0.00 Z:0.00
ok

>> M105
 ok T:26.2 /0.0 B:26.2 /0.0 @:0 B@:0

>> M114
 X:0.00 Y:0.00 Z:0.00
ok

>> M114
 X:0.00 Y:0.00 Z:0.00
ok

>> M105
 ok T:26.1 /0.0 B:26.1 /0.0 @:0 B@:0

>> M114
 X:0.00 Y:0.00 Z:0.00
ok

>> M105
 ok T:26.2 /0.0 B:26.1 /0.0 @:0 B@:0

>> M114
 X:0.00 Y:0.00 Z:0.00
ok

>> M114
 X:0.00 Y:0.00 Z:0.00
ok

>> M105
 ok T:26.1 /0.0 B:26.2 /0.0 @:0 B@:0

>> M114
 X:0.00 Y:0.00 Z:0.00
ok

>> M105
 ok T:26.2 /0.0 B:26.2 /0.0 @:0 B@:0

>> M114
 X:0.00 Y:0.00 Z:0.00
ok

>> M105
 ok T:26.1 /0.0 B:26.4 /0.0 @:0 B@:0

>> M114
 X:0.00 Y:0.00 Z:0.00
ok

>> M114
 X:0.00 Y:0.00 Z:0.00
ok

>> M105
 ok T:26.2 /0.0 B:26.1 /0.0 @:0 B@:0

>> M114
 X:0.00 Y:0.00 Z:0.00
ok

>> M105
 ok T:26.2 /0.0 B:26.2 /0.0 @:0 B@:0

>> M114
 X:0.00 Y:0.00 Z:0.00
ok

>> M114
 X:0.00 Y:0.00 Z:0.00
ok

>> M105
 ok T:26.2 /0.0 B:26.3 /0.0 @:0 B@:0

>> M114
 X:0.00 Y:0.00 Z:0.00
ok

>> M105
 ok T:26.2 /0.0 B:26.2 /0.0 @:0 B@:0

>> M114
 X:0.00 Y:0.00 Z:0.00
ok

>> M114
 X:0.00 Y:0.00 Z:0.00
ok

>> M105
 ok T:26.2 /0.0 B:26.2 /0.0 @:0 B@:0

>> M114
 X:0.00 Y:0.00 Z:0.00
ok

>> M114
 X:0.00 Y:0.00 Z:0.00
ok

>> M105
 ok T:26.1 /0.0 B:26.2 /0.0 @:0 B@:0

>> M114
 X:0.00 Y:0.00 Z:0.00
ok

>> M105
 ok T:26.2 /0.0 B:26.4 /0.0 @:0 B@:0

>> M114
 X:0.00 Y:0.00 Z:0.00
ok

>> M114
 X:0.00 Y:0.00 Z:0.00
ok

>> M105
 ok T:26.3 /0.0 B:26.2 /0.0 @:0 B@:0

>> M114
 X:0.00 Y:0.00 Z:0.00
ok

>> M105
 ok T:26.2 /0.0 B:26.2 /0.0 @:0 B@:0

>> M114
 X:0.00 Y:0.00 Z:0.00
ok

>> M114
 X:0.00 Y:0.00 Z:0.00
ok

>> M105
 ok T:26.1 /0.0 B:26.2 /0.0 @:0 B@:0

>> M114
 X:0.00 Y:0.00 Z:0.00
ok

>> M105
 ok T:26.2 /0.0 B:26.3 /0.0 @:0 B@:0

>> M114
 X:0.00 Y:0.00 Z:0.00
ok

0.00s - Debugger warning: It seems that frozen modules are being used, which may
0.00s - make the debugger miss breakpoints. Please pass -Xfrozen_modules=off
0.00s - to python to disable frozen modules.
0.00s - Note: Debugging will proceed. Set PYDEVD_DISABLE_FILE_VALIDATION=1 to disable this validation.
>> M114
 X:0.00 Y:0.00 Z:0.00
ok

>> M105
 ok T:26.1 /0.0 B:26.3 /0.0 @:0 B@:0 Fan:64

>> M114
 X:0.00 Y:0.00 Z:0.00
ok

>> M114
 X:0.00 Y:0.00 Z:0.00
ok

>> M105
 ok T:26.2 /0.0 B:26.1 /0.0 @:0 B@:0 Fan:64

>> M114
 X:0.00 Y:0.00 Z:0.00
ok

>> M105
 ok T:26.2 /0.0 B:26.2 /0.0 @:0 B@:0 Fan:64

>> M114
 X:0.00 Y:0.00 Z:0.00
ok

>> M114
 X:0.00 Y:0.00 Z:0.00
ok

>> M105
 ok T:26.2 /0.0 B:26.3 /0.0 @:0 B@:0 Fan:64

>> M114
 X:0.00 Y:0.00 Z:0.00
ok

>> M105
 ok T:26.2 /0.0 B:26.3 /0.0 @:0 B@:0 Fan:64

>> M114
 X:0.00 Y:0.00 Z:0.00
ok

>> M114
 X:0.00 Y:0.00 Z:0.00
ok

>> M105
 ok T:26.0 /0.0 B:26.3 /0.0 @:0 B@:0 Fan:64

>> M114
 X:0.00 Y:0.00 Z:0.00
ok

>> M105
 ok T:26.1 /0.0 B:26.2 /0.0 @:0 B@:0 Fan:64

>> M114
 X:0.00 Y:0.00 Z:0.00
ok

>> M105
 ok T:26.2 /0.0 B:26.2 /0.0 @:0 B@:0 Fan:64

>> M114
 X:0.00 Y:0.00 Z:0.00
ok

>> M114
 X:0.00 Y:0.00 Z:0.00
ok

>> M105
 ok T:26.2 /0.0 B:26.2 /0.0 @:0 B@:0 Fan:64

>> M114
 X:0.00 Y:0.00 Z:0.00
ok

>> M105
 ok T:26.2 /0.0 B:26.2 /0.0 @:0 B@:0 Fan:64

>> M114
 X:0.00 Y:0.00 Z:0.00
ok

>> M114
 X:0.00 Y:0.00 Z:0.00
ok

>> M105
 ok T:26.1 /0.0 B:26.2 /0.0 @:0 B@:0 Fan:64

>> M114
 X:0.00 Y:0.00 Z:0.00
ok

>> M105
 ok T:26.1 /0.0 B:26.2 /0.0 @:0 B@:0 Fan:64

>> M114
 X:0.00 Y:0.00 Z:0.00
ok

>> M114
 X:0.00 Y:0.00 Z:0.00
ok

>> M105
 ok T:26.1 /0.0 B:26.2 /0.0 @:0 B@:0 Fan:64

>> M114
 X:0.00 Y:0.00 Z:0.00
ok

>> M105
 ok T:26.2 /0.0 B:26.2 /0.0 @:0 B@:0 Fan:64

>> M114
 X:0.00 Y:0.00 Z:0.00
ok

>> M105
 ok T:26.2 /0.0 B:26.2 /0.0 @:0 B@:0 Fan:64

>> M114
 X:0.00 Y:0.00 Z:0.00
ok

>> M114
 X:0.00 Y:0.00 Z:0.00
ok

>> M105
 ok T:26.2 /0.0 B:26.1 /0.0 @:0 B@:0 Fan:64

>> M114
 X:0.00 Y:0.00 Z:0.00
ok

>> M105
 ok T:26.1 /0.0 B:26.3 /0.0 @:0 B@:0 Fan:64

>> M114
 X:0.00 Y:0.00 Z:0.00
ok

>> M114
 X:0.00 Y:0.00 Z:0.00
ok

>> M105
 ok T:26.1 /0.0 B:26.2 /0.0 @:0 B@:0 Fan:64

>> M114
 X:0.00 Y:0.00 Z:0.00
ok

>> M105
 ok T:26.2 /0.0 B:26.3 /0.0 @:0 B@:0 Fan:64

>> M114
 X:0.00 Y:0.00 Z:0.00
ok

>> M114
 X:0.00 Y:0.00 Z:0.00
ok

>> M105
 ok T:26.1 /0.0 B:26.2 /0.0 @:0 B@:0 Fan:64

>> M114
 X:0.00 Y:0.00 Z:0.00
ok

>> M114
 X:0.00 Y:0.00 Z:0.00
ok

>> M105
 ok T:26.1 /0.0 B:26.3 /0.0 @:0 B@:0 Fan:64

>> M114
 X:0.00 Y:0.00 Z:0.00
ok

>> M105
 ok T:26.2 /0.0 B:26.1 /0.0 @:0 B@:0 Fan:64

>> M114
 X:0.00 Y:0.00 Z:0.00
ok

>> M114
 X:0.00 Y:0.00 Z:0.00
ok

>> M105
 ok T:26.2 /0.0 B:26.3 /0.0 @:0 B@:0 Fan:64

>> M114
 X:0.00 Y:0.00 Z:0.00
ok

>> M105
 ok T:26.1 /0.0 B:26.2 /0.0 @:0 B@:0 Fan:64

>> M114
 X:0.00 Y:0.00 Z:0.00
ok

>> M114
 X:0.00 Y:0.00 Z:0.00
ok

>> M105
 ok T:26.2 /0.0 B:26.3 /0.0 @:0 B@:0 Fan:64

>> M114
 X:0.00 Y:0.00 Z:0.00
ok

>> M105
 ok T:26.2 /0.0 B:26.2 /0.0 @:0 B@:0 Fan:64

>> M114
 X:0.00 Y:0.00 Z:0.00
ok

>> M105
 ok T:26.2 /0.0 B:26.2 /0.0 @:0 B@:0 Fan:64

>> M114
 X:0.00 Y:0.00 Z:0.00
ok

>> M114
 X:0.00 Y:0.00 Z:0.00
ok

>> M105
 ok T:26.2 /0.0 B:26.2 /0.0 @:0 B@:0 Fan:64

>> M114
 X:0.00 Y:0.00 Z:0.00
ok

>> M105
 ok T:26.1 /0.0 B:26.2 /0.0 @:0 B@:0 Fan:64

>> M114
 X:0.00 Y:0.00 Z:0.00
ok

>> M114
 X:0.00 Y:0.00 Z:0.00
ok

>> M105
 ok T:26.2 /0.0 B:26.3 /0.0 @:0 B@:0 Fan:64

>> M114
 X:0.00 Y:0.00 Z:0.00
ok

>> M105
 ok T:26.2 /0.0 B:26.3 /0.0 @:0 B@:0 Fan:64

>> M114
 X:0.00 Y:0.00 Z:0.00
ok

>> M114
 X:0.00 Y:0.00 Z:0.00
ok

>> M105
 ok T:26.2 /0.0 B:26.2 /0.0 @:0 B@:0 Fan:64

>> M114
 X:0.00 Y:0.00 Z:0.00
ok

>> M114
 X:0.00 Y:0.00 Z:0.00
ok

>> M105
 ok T:26.2 /0.0 B:26.2 /0.0 @:0 B@:0 Fan:64

>> M114
 X:0.00 Y:0.00 Z:0.00
ok

>> M105
 ok T:26.3 /0.0 B:26.1 /0.0 @:0 B@:0 Fan:64

>> M114
 X:0.00 Y:0.00 Z:0.00
ok

>> M114
 X:0.00 Y:0.00 Z:0.00
ok

>> M105
 ok T:26.1 /0.0 B:26.2 /0.0 @:0 B@:0 Fan:64

>> M114
 X:0.00 Y:0.00 Z:0.00
ok

>> M105
 ok T:26.2 /0.0 B:26.3 /0.0 @:0 B@:0 Fan:64

>> M114
 X:0.00 Y:0.00 Z:0.00
ok

>> M114
 X:0.00 Y:0.00 Z:0.00
ok

>> M105
 ok T:26.2 /0.0 B:26.3 /0.0 @:0 B@:0 Fan:64

>> M114
 X:0.00 Y:0.00 Z:0.00
ok

>> M105
 ok T:26.2 /0.0 B:26.3 /0.0 @:0 B@:0 Fan:64

>> M114
 X:0.00 Y:0.00 Z:0.00
ok

>> M105
 ok T:26.2 /0.0 B:26.2 /0.0 @:0 B@:0 Fan:64

>> M114
 X:0.00 Y:0.00 Z:0.00
ok

>> M114
 X:0.00 Y:0.00 Z:0.00
ok

>> M105
 ok T:26.2 /0.0 B:26.2 /0.0 @:0 B@:0 Fan:64

>> M114
 X:0.00 Y:0.00 Z:0.00
ok

>> M105
 ok T:26.2 /0.0 B:26.1 /0.0 @:0 B@:0 Fan:64

>> M114
 X:0.00 Y:0.00 Z:0.00
ok

>> M114
 X:0.00 Y:0.00 Z:0.00
ok

>> M105
 ok T:26.2 /0.0 B:26.3 /0.0 @:0 B@:0 Fan:64

>> M114
 X:0.00 Y:0.00 Z:0.00
ok

>> M105
 ok T:26.2 /0.0 B:26.1 /0.0 @:0 B@:0 Fan:64

>> M114
 X:0.00 Y:0.00 Z:0.00
ok

>> M114
 X:0.00 Y:0.00 Z:0.00
ok

>> M105
 ok T:26.1 /0.0 B:26.2 /0.0 @:0 B@:0 Fan:64

>> M114
 X:0.00 Y:0.00 Z:0.00
ok

>> M105
 ok T:26.2 /0.0 B:26.2 /0.0 @:0 B@:0 Fan:64

>> M114
 X:0.00 Y:0.00 Z:0.00
ok

>> M105
 ok T:26.2 /0.0 B:26.3 /0.0 @:0 B@:0 Fan:64

>> M114
 X:0.00 Y:0.00 Z:0.00
ok

>> M114
 X:0.00 Y:0.00 Z:0.00
ok

>> M105
 ok T:26.1 /0.0 B:26.1 /0.0 @:0 B@:0 Fan:64

>> M114
 X:0.00 Y:0.00 Z:0.00
ok

>> M105
 ok T:26.2 /0.0 B:26.2 /0.0 @:0 B@:0 Fan:64

>> M114
 X:0.00 Y:0.00 Z:0.00
ok

>> M114
 X:0.00 Y:0.00 Z:0.00
ok

>> M105
 ok T:26.1 /0.0 B:26.2 /0.0 @:0 B@:0 Fan:64

>> M114
 X:0.00 Y:0.00 Z:0.00
ok

>> M105
 ok T:26.2 /0.0 B:26.2 /0.0 @:0 B@:0 Fan:64

>> M114
 X:0.00 Y:0.00 Z:0.00
ok

>> M114
 X:0.00 Y:0.00 Z:0.00
ok

>> M105
 ok T:26.1 /0.0 B:26.1 /0.0 @:0 B@:0 Fan:64

>> M114
 X:0.00 Y:0.00 Z:0.00
ok

>> M114
 X:0.00 Y:0.00 Z:0.00
ok

>> M105
 ok T:26.2 /0.0 B:26.3 /0.0 @:0 B@:0 Fan:64

>> M114
 X:0.00 Y:0.00 Z:0.00
ok

>> M105
 ok T:26.2 /0.0 B:26.3 /0.0 @:0 B@:0 Fan:64

>> M114
 X:0.00 Y:0.00 Z:0.00
ok

>> M114
 X:0.00 Y:0.00 Z:0.00
ok

>> M105
 ok T:26.2 /0.0 B:26.2 /0.0 @:0 B@:0 Fan:64

>> M114
 X:0.00 Y:0.00 Z:0.00
ok

>> M105
 ok T:26.2 /0.0 B:26.2 /0.0 @:0 B@:0 Fan:64

>> M114
 X:0.00 Y:0.00 Z:0.00
ok

>> M114
 X:0.00 Y:0.00 Z:0.00
ok

>> M105
 ok T:26.2 /0.0 B:26.2 /0.0 @:0 B@:0 Fan:64

>> M114
 X:0.00 Y:0.00 Z:0.00
ok

>> M105
 ok T:26.2 /0.0 B:26.3 /0.0 @:0 B@:0 Fan:64

>> M114
 X:0.00 Y:0.00 Z:0.00
ok

>> M105
 ok T:26.2 /0.0 B:26.2 /0.0 @:0 B@:0 Fan:64

>> M114
 X:0.00 Y:0.00 Z:0.00
ok

>> M114
 X:0.00 Y:0.00 Z:0.00
ok

>> M105
 ok T:26.1 /0.0 B:26.2 /0.0 @:0 B@:0 Fan:64

>> M114
 X:0.00 Y:0.00 Z:0.00
ok

>> M105
 ok T:26.2 /0.0 B:26.2 /0.0 @:0 B@:0 Fan:64

>> M114
 X:0.00 Y:0.00 Z:0.00
ok

>> M114
 X:0.00 Y:0.00 Z:0.00
ok

>> M105
 ok T:26.1 /0.0 B:26.3 /0.0 @:0 B@:0 Fan:64

>> M114
 X:0.00 Y:0.00 Z:0.00
ok

>> M105
 ok T:26.2 /0.0 B:26.3 /0.0 @:0 B@:0 Fan:64

>> M114
 X:0.00 Y:0.00 Z:0.00
ok

>> M114
 X:0.00 Y:0.00 Z:0.00
ok

>> M105
 ok T:26.2 /0.0 B:26.3 /0.0 @:0 B@:0 Fan:64

>> M114
 X:0.00 Y:0.00 Z:0.00
ok

>> M114
 X:0.00 Y:0.00 Z:0.00
ok

>> M105
 ok T:26.2 /0.0 B:26.2 /0.0 @:0 B@:0 Fan:64

>> M114
 X:0.00 Y:0.00 Z:0.00
ok

>> M105
 ok T:26.1 /0.0 B:26.2 /0.0 @:0 B@:0 Fan:64

>> M114
 X:0.00 Y:0.00 Z:0.00
ok

>> M114
 X:0.00 Y:0.00 Z:0.00
ok

>> M105
 ok T:26.2 /0.0 B:26.2 /0.0 @:0 B@:0 Fan:64

>> M114
 X:0.00 Y:0.00 Z:0.00
ok

>> M105
 ok T:26.2 /0.0 B:26.3 /0.0 @:0 B@:0 Fan:64

>> M114
 X:0.00 Y:0.00 Z:0.00
ok

>> M114
 X:0.00 Y:0.00 Z:0.00
ok

>> M105
 ok T:26.2 /0.0 B:26.3 /0.0 @:0 B@:0 Fan:64

>> M114
 X:0.00 Y:0.00 Z:0.00
ok

  File "/home/apaex/tft35/tft35-klipper-bridge.py", line 191
    if func != 'M114' and func != 'M105':
TabError: inconsistent use of tabs and spaces in indentation
  File "/home/apaex/tft35/tft35-klipper-bridge.py", line 191
    if func != 'M114' and func != 'M105':
TabError: inconsistent use of tabs and spaces in indentation
  File "/home/apaex/tft35/tft35-klipper-bridge.py", line 191
    if func != 'M114' and func != 'M105':
TabError: inconsistent use of tabs and spaces in indentation
  File "/home/apaex/tft35/tft35-klipper-bridge.py", line 191
    if func != 'M114' and func != 'M105':
TabError: inconsistent use of tabs and spaces in indentation
  File "/home/apaex/tft35/tft35-klipper-bridge.py", line 191
    if func != 'M114' and func != 'M105':
TabError: inconsistent use of tabs and spaces in indentation
